2022-11-22 22:01:43,055 INFO o.a.j.u.JMeterUtils: Setting Locale to en_EN
2022-11-22 22:01:43,074 INFO o.a.j.JMeter: Loading user properties from: C:\JMeter\bin\user.properties
2022-11-22 22:01:43,074 INFO o.a.j.JMeter: Loading system properties from: C:\JMeter\bin\system.properties
2022-11-22 22:01:43,079 INFO o.a.j.JMeter: Copyright (c) 1998-2022 The Apache Software Foundation
2022-11-22 22:01:43,079 INFO o.a.j.JMeter: Version 5.5
2022-11-22 22:01:43,079 INFO o.a.j.JMeter: java.version=18.0.2
2022-11-22 22:01:43,079 INFO o.a.j.JMeter: java.vm.name=Java HotSpot(TM) 64-Bit Server VM
2022-11-22 22:01:43,079 INFO o.a.j.JMeter: os.name=Windows 11
2022-11-22 22:01:43,079 INFO o.a.j.JMeter: os.arch=amd64
2022-11-22 22:01:43,079 INFO o.a.j.JMeter: os.version=10.0
2022-11-22 22:01:43,079 INFO o.a.j.JMeter: file.encoding=UTF-8
2022-11-22 22:01:43,079 INFO o.a.j.JMeter: java.awt.headless=true
2022-11-22 22:01:43,079 INFO o.a.j.JMeter: Max memory     =1073741824
2022-11-22 22:01:43,079 INFO o.a.j.JMeter: Available Processors =8
2022-11-22 22:01:43,086 INFO o.a.j.JMeter: Default Locale=English (EN)
2022-11-22 22:01:43,086 INFO o.a.j.JMeter: JMeter  Locale=English (EN)
2022-11-22 22:01:43,086 INFO o.a.j.JMeter: JMeterHome=C:\JMeter
2022-11-22 22:01:43,086 INFO o.a.j.JMeter: user.dir  =C:\xampp\htdocs\moodle\mod\workflow
2022-11-22 22:01:43,087 INFO o.a.j.JMeter: PWD       =C:\xampp\htdocs\moodle\mod\workflow
2022-11-22 22:01:43,090 INFO o.a.j.JMeter: IP: 192.168.43.96 Name: nimsara66 FullName: nimsara66
2022-11-22 22:01:43,096 INFO o.a.j.JMeter: Setting property 'jmeter.reportgenerator.outputdir' to:'C:\Users\nimsa\Desktop\delete_workflow'
2022-11-22 22:01:43,098 INFO o.a.j.s.FileServer: Default base='C:\xampp\htdocs\moodle\mod\workflow'
2022-11-22 22:01:43,099 INFO o.a.j.s.FileServer: Set new base='C:\Users\nimsa\Desktop'
2022-11-22 22:01:43,549 INFO o.a.j.s.SaveService: Testplan (JMX) version: 2.2. Testlog (JTL) version: 2.2
2022-11-22 22:01:43,639 INFO o.a.j.s.SaveService: Using SaveService properties version 5.0
2022-11-22 22:01:43,641 INFO o.a.j.s.SaveService: Using SaveService properties file encoding UTF-8
2022-11-22 22:01:43,643 INFO o.a.j.s.SaveService: Loading file: C:\Users\nimsa\Desktop\workflow_delete.jmx
2022-11-22 22:01:43,692 INFO o.a.j.p.h.c.CookieManager: Settings: Delete null: true Check: true Allow variable: true Save: false Prefix: COOKIE_
2022-11-22 22:01:43,694 INFO o.a.j.p.h.c.CacheManager: Will only cache the following methods: [GET]
2022-11-22 22:01:43,725 INFO o.a.j.p.h.s.HTTPSamplerBase: Parser for text/html is org.apache.jmeter.protocol.http.parser.LagartoBasedHtmlParser
2022-11-22 22:01:43,726 INFO o.a.j.p.h.s.HTTPSamplerBase: Parser for application/xhtml+xml is org.apache.jmeter.protocol.http.parser.LagartoBasedHtmlParser
2022-11-22 22:01:43,726 INFO o.a.j.p.h.s.HTTPSamplerBase: Parser for application/xml is org.apache.jmeter.protocol.http.parser.LagartoBasedHtmlParser
2022-11-22 22:01:43,726 INFO o.a.j.p.h.s.HTTPSamplerBase: Parser for text/xml is org.apache.jmeter.protocol.http.parser.LagartoBasedHtmlParser
2022-11-22 22:01:43,726 INFO o.a.j.p.h.s.HTTPSamplerBase: Parser for text/vnd.wap.wml is org.apache.jmeter.protocol.http.parser.RegexpHTMLParser
2022-11-22 22:01:43,726 INFO o.a.j.p.h.s.HTTPSamplerBase: Parser for text/css is org.apache.jmeter.protocol.http.parser.CssParser
2022-11-22 22:01:43,752 INFO o.a.j.JMeter: Creating summariser <summary>
2022-11-22 22:01:43,758 INFO o.a.j.r.d.ReportGenerator: ReportGenerator will use for Parsing the separator: ','
2022-11-22 22:01:43,759 INFO o.a.j.r.d.ReportGenerator: Will generate report at end of test from  results file: C:\Users\nimsa\Desktop\delete_workflow.csv
2022-11-22 22:01:43,759 INFO o.a.j.r.d.ReportGenerator: Reading report generator properties from: C:\JMeter\bin\reportgenerator.properties
2022-11-22 22:01:43,773 INFO o.a.j.r.d.ReportGenerator: Merging with JMeter properties
2022-11-22 22:01:43,777 INFO o.a.j.r.c.ReportGeneratorConfiguration: Property 'jmeter.reportgenerator.temp_dir' not found, using default value 'temp' instead.
2022-11-22 22:01:43,787 INFO o.a.j.r.c.ReportGeneratorConfiguration: Property 'jmeter.reportgenerator.apdex_per_transaction' not found, using default value 'null' instead.
2022-11-22 22:01:43,787 INFO o.a.j.r.c.ReportGeneratorConfiguration: apdex_per_transaction is empty, not APDEX per transaction customization
2022-11-22 22:01:43,787 INFO o.a.j.r.c.ReportGeneratorConfiguration: Property 'jmeter.reportgenerator.sample_filter' not found, using default value 'null' instead.
2022-11-22 22:01:43,787 INFO o.a.j.r.c.ReportGeneratorConfiguration: Property 'jmeter.reportgenerator.report_title' not found, using default value 'null' instead.
2022-11-22 22:01:43,788 INFO o.a.j.r.c.ReportGeneratorConfiguration: Property 'jmeter.reportgenerator.start_date' not found, using default value 'null' instead.
2022-11-22 22:01:43,788 INFO o.a.j.r.c.ReportGeneratorConfiguration: Property 'jmeter.reportgenerator.end_date' not found, using default value 'null' instead.
2022-11-22 22:01:43,788 INFO o.a.j.r.c.ReportGeneratorConfiguration: Property 'jmeter.reportgenerator.date_format' not found, using default value 'null' instead.
2022-11-22 22:01:43,788 INFO o.a.j.r.c.ReportGeneratorConfiguration: Will use date range start date: null, end date: null
2022-11-22 22:01:43,792 INFO o.a.j.r.c.ReportGeneratorConfiguration: Property 'jmeter.reportgenerator.graph.totalTPS.exclude_controllers' not found, using default value 'false' instead.
2022-11-22 22:01:43,792 INFO o.a.j.r.c.ReportGeneratorConfiguration: Property 'jmeter.reportgenerator.graph.activeThreadsOverTime.exclude_controllers' not found, using default value 'false' instead.
2022-11-22 22:01:43,793 INFO o.a.j.r.c.ReportGeneratorConfiguration: Property 'jmeter.reportgenerator.graph.timeVsThreads.exclude_controllers' not found, using default value 'false' instead.
2022-11-22 22:01:43,793 INFO o.a.j.r.c.ReportGeneratorConfiguration: Property 'jmeter.reportgenerator.graph.responseTimeDistribution.exclude_controllers' not found, using default value 'false' instead.
2022-11-22 22:01:43,793 INFO o.a.j.r.c.ReportGeneratorConfiguration: Property 'jmeter.reportgenerator.graph.transactionsPerSecond.exclude_controllers' not found, using default value 'false' instead.
2022-11-22 22:01:43,793 INFO o.a.j.r.c.ReportGeneratorConfiguration: Property 'jmeter.reportgenerator.graph.responseTimePercentiles.exclude_controllers' not found, using default value 'false' instead.
2022-11-22 22:01:43,793 INFO o.a.j.r.c.ReportGeneratorConfiguration: Property 'jmeter.reportgenerator.graph.responseTimePercentilesOverTime.exclude_controllers' not found, using default value 'false' instead.
2022-11-22 22:01:43,793 INFO o.a.j.r.c.ReportGeneratorConfiguration: Property 'jmeter.reportgenerator.graph.responseTimesOverTime.exclude_controllers' not found, using default value 'false' instead.
2022-11-22 22:01:43,793 INFO o.a.j.r.c.ReportGeneratorConfiguration: Property 'jmeter.reportgenerator.graph.connectTimeOverTime.exclude_controllers' not found, using default value 'false' instead.
2022-11-22 22:01:43,793 INFO o.a.j.r.c.ReportGeneratorConfiguration: Property 'jmeter.reportgenerator.graph.latenciesOverTime.exclude_controllers' not found, using default value 'false' instead.
2022-11-22 22:01:43,794 INFO o.a.j.r.c.ReportGeneratorConfiguration: Property 'jmeter.reportgenerator.exporter.json.filters_only_sample_series' not found, using default value 'true' instead.
2022-11-22 22:01:43,794 INFO o.a.j.r.c.ReportGeneratorConfiguration: Property 'jmeter.reportgenerator.exporter.json.series_filter' not found, using default value '' instead.
2022-11-22 22:01:43,794 INFO o.a.j.r.c.ReportGeneratorConfiguration: Property 'jmeter.reportgenerator.exporter.json.show_controllers_only' not found, using default value 'false' instead.
2022-11-22 22:01:43,794 INFO o.a.j.r.c.ReportGeneratorConfiguration: Property 'jmeter.reportgenerator.exporter.html.filters_only_sample_series' not found, using default value 'true' instead.
2022-11-22 22:01:43,794 INFO o.a.j.r.c.ReportGeneratorConfiguration: Property 'jmeter.reportgenerator.exporter.html.series_filter' not found, using default value '' instead.
2022-11-22 22:01:43,794 INFO o.a.j.r.c.ReportGeneratorConfiguration: Property 'jmeter.reportgenerator.exporter.html.show_controllers_only' not found, using default value 'false' instead.
2022-11-22 22:01:43,822 INFO o.a.j.e.StandardJMeterEngine: Running the test!
2022-11-22 22:01:43,823 INFO o.a.j.s.SampleEvent: List of sample_variables: []
2022-11-22 22:01:43,823 INFO o.a.j.s.SampleEvent: List of sample_variables: []
2022-11-22 22:01:43,848 INFO o.a.j.e.u.CompoundVariable: Note: Function class names must contain the string: '.functions.'
2022-11-22 22:01:43,848 INFO o.a.j.e.u.CompoundVariable: Note: Function class names must not contain the string: '.gui.'
2022-11-22 22:01:44,016 INFO o.a.j.JMeter: Running test (1669134704016)
2022-11-22 22:01:44,069 INFO o.a.j.e.StandardJMeterEngine: Starting ThreadGroup: 1 : Thread Group
2022-11-22 22:01:44,069 INFO o.a.j.e.StandardJMeterEngine: Starting 100 threads for group Thread Group.
2022-11-22 22:01:44,069 INFO o.a.j.e.StandardJMeterEngine: Thread will continue on error
2022-11-22 22:01:44,069 INFO o.a.j.t.ThreadGroup: Starting thread group... number=1 threads=100 ramp-up=5 delayedStart=false
2022-11-22 22:01:44,081 INFO o.a.j.s.SampleResult: Note: Sample TimeStamps are START times
2022-11-22 22:01:44,082 INFO o.a.j.s.SampleResult: sampleresult.default.encoding is set to ISO-8859-1
2022-11-22 22:01:44,082 INFO o.a.j.s.SampleResult: sampleresult.useNanoTime=true
2022-11-22 22:01:44,082 INFO o.a.j.s.SampleResult: sampleresult.nanoThreadSleep=5000
2022-11-22 22:01:44,082 INFO o.a.j.t.JMeterThread: Thread started: Thread Group 1-1
2022-11-22 22:01:44,101 INFO o.a.j.p.h.s.HTTPHCAbstractImpl: Local host = nimsara66
2022-11-22 22:01:44,110 INFO o.a.j.p.h.s.HTTPHC4Impl: HTTP request retry count = 0
2022-11-22 22:01:44,127 INFO o.a.j.t.JMeterThread: Thread started: Thread Group 1-2
2022-11-22 22:01:44,169 INFO o.a.j.t.ThreadGroup: Started thread group number 1
2022-11-22 22:01:44,169 INFO o.a.j.e.StandardJMeterEngine: All thread groups have been started
2022-11-22 22:01:44,177 INFO o.a.j.t.JMeterThread: Thread started: Thread Group 1-3
2022-11-22 22:01:44,225 INFO o.a.j.t.JMeterThread: Thread started: Thread Group 1-4
2022-11-22 22:01:44,274 INFO o.a.j.t.JMeterThread: Thread started: Thread Group 1-5
2022-11-22 22:01:44,324 INFO o.a.j.t.JMeterThread: Thread started: Thread Group 1-6
2022-11-22 22:01:44,360 INFO o.a.j.p.h.p.BaseParser: Created org.apache.jmeter.protocol.http.parser.LagartoBasedHtmlParser
2022-11-22 22:01:44,373 INFO o.a.j.t.JMeterThread: Thread started: Thread Group 1-7
2022-11-22 22:01:44,422 INFO o.a.j.t.JMeterThread: Thread started: Thread Group 1-8
2022-11-22 22:01:44,437 INFO o.a.j.p.h.s.ResourcesDownloader: Creating ResourcesDownloader with keepalive_inseconds : 60
2022-11-22 22:01:44,472 INFO o.a.j.t.JMeterThread: Thread started: Thread Group 1-9
2022-11-22 22:01:44,523 INFO o.a.j.t.JMeterThread: Thread started: Thread Group 1-10
2022-11-22 22:01:44,574 INFO o.a.j.t.JMeterThread: Thread started: Thread Group 1-11
2022-11-22 22:01:44,624 INFO o.a.j.t.JMeterThread: Thread started: Thread Group 1-12
2022-11-22 22:01:44,687 INFO o.a.j.t.JMeterThread: Thread started: Thread Group 1-13
2022-11-22 22:01:44,723 INFO o.a.j.t.JMeterThread: Thread started: Thread Group 1-14
2022-11-22 22:01:44,772 INFO o.a.j.t.JMeterThread: Thread started: Thread Group 1-15
2022-11-22 22:01:44,823 INFO o.a.j.t.JMeterThread: Thread started: Thread Group 1-16
2022-11-22 22:01:44,872 INFO o.a.j.t.JMeterThread: Thread started: Thread Group 1-17
2022-11-22 22:01:44,880 INFO o.a.j.p.h.p.BaseParser: Created org.apache.jmeter.protocol.http.parser.CssParser
2022-11-22 22:01:44,880 INFO o.a.j.p.h.p.BaseParser: Created org.apache.jmeter.protocol.http.parser.CssParser
2022-11-22 22:01:44,880 INFO o.a.j.p.h.p.BaseParser: Created org.apache.jmeter.protocol.http.parser.CssParser
2022-11-22 22:01:44,880 INFO o.a.j.p.h.p.BaseParser: Created org.apache.jmeter.protocol.http.parser.CssParser
2022-11-22 22:01:44,880 INFO o.a.j.p.h.p.BaseParser: Created org.apache.jmeter.protocol.http.parser.CssParser
2022-11-22 22:01:44,880 INFO o.a.j.p.h.p.BaseParser: Created org.apache.jmeter.protocol.http.parser.CssParser
2022-11-22 22:01:44,880 INFO o.a.j.p.h.p.BaseParser: Created org.apache.jmeter.protocol.http.parser.CssParser
2022-11-22 22:01:44,880 INFO o.a.j.p.h.p.BaseParser: Created org.apache.jmeter.protocol.http.parser.CssParser
2022-11-22 22:01:44,880 INFO o.a.j.p.h.p.BaseParser: Created org.apache.jmeter.protocol.http.parser.CssParser
2022-11-22 22:01:44,880 INFO o.a.j.p.h.p.BaseParser: Created org.apache.jmeter.protocol.http.parser.CssParser
2022-11-22 22:01:44,880 INFO o.a.j.p.h.p.BaseParser: Created org.apache.jmeter.protocol.http.parser.CssParser
2022-11-22 22:01:44,880 INFO o.a.j.p.h.p.BaseParser: Created org.apache.jmeter.protocol.http.parser.CssParser
2022-11-22 22:01:44,923 INFO o.a.j.t.JMeterThread: Thread started: Thread Group 1-18
2022-11-22 22:01:44,974 INFO o.a.j.t.JMeterThread: Thread started: Thread Group 1-19
2022-11-22 22:01:44,995 WARN c.h.c.r.e.LoggingCSSParseErrorHandler: [40:338] Deprecated property name '*display'
2022-11-22 22:01:44,999 WARN c.h.c.r.e.LoggingCSSParseErrorHandler: [40:1461] Deprecated property name '*font-size'
2022-11-22 22:01:44,999 WARN c.h.c.r.e.LoggingCSSParseErrorHandler: [40:1474] Deprecated property name '*line-height'
2022-11-22 22:01:44,999 WARN c.h.c.r.e.LoggingCSSParseErrorHandler: [40:1489] Deprecated property name '*letter-spacing'
2022-11-22 22:01:44,999 WARN c.h.c.r.e.LoggingCSSParseErrorHandler: [40:1513] Deprecated property name '*color'
2022-11-22 22:01:44,999 WARN c.h.c.r.e.LoggingCSSParseErrorHandler: [40:1528] Deprecated property name '*background'
2022-11-22 22:01:45,023 INFO o.a.j.t.JMeterThread: Thread started: Thread Group 1-20
2022-11-22 22:01:45,080 INFO o.a.j.t.JMeterThread: Thread started: Thread Group 1-21
2022-11-22 22:01:45,126 INFO o.a.j.t.JMeterThread: Thread started: Thread Group 1-22
2022-11-22 22:01:45,197 INFO o.a.j.t.JMeterThread: Thread started: Thread Group 1-23
2022-11-22 22:01:45,235 INFO o.a.j.t.JMeterThread: Thread started: Thread Group 1-24
2022-11-22 22:01:45,283 INFO o.a.j.t.JMeterThread: Thread started: Thread Group 1-25
2022-11-22 22:01:45,322 INFO o.a.j.t.JMeterThread: Thread started: Thread Group 1-26
2022-11-22 22:01:45,399 INFO o.a.j.t.JMeterThread: Thread started: Thread Group 1-27
2022-11-22 22:01:45,422 INFO o.a.j.t.JMeterThread: Thread started: Thread Group 1-28
2022-11-22 22:01:45,473 INFO o.a.j.t.JMeterThread: Thread started: Thread Group 1-29
2022-11-22 22:01:45,549 INFO o.a.j.t.JMeterThread: Thread started: Thread Group 1-30
2022-11-22 22:01:45,607 INFO o.a.j.t.JMeterThread: Thread started: Thread Group 1-31
2022-11-22 22:01:45,654 INFO o.a.j.t.JMeterThread: Thread started: Thread Group 1-32
2022-11-22 22:01:45,704 INFO o.a.j.t.JMeterThread: Thread started: Thread Group 1-33
2022-11-22 22:01:45,800 INFO o.a.j.t.JMeterThread: Thread started: Thread Group 1-35
2022-11-22 22:01:45,824 INFO o.a.j.t.JMeterThread: Thread started: Thread Group 1-36
2022-11-22 22:01:45,869 INFO o.a.j.t.JMeterThread: Thread started: Thread Group 1-34
2022-11-22 22:01:45,918 INFO o.a.j.t.JMeterThread: Thread started: Thread Group 1-37
2022-11-22 22:01:45,961 INFO o.a.j.t.JMeterThread: Thread started: Thread Group 1-38
2022-11-22 22:01:45,983 INFO o.a.j.t.JMeterThread: Thread started: Thread Group 1-39
2022-11-22 22:01:46,064 INFO o.a.j.t.JMeterThread: Thread started: Thread Group 1-40
2022-11-22 22:01:46,090 INFO o.a.j.t.JMeterThread: Thread started: Thread Group 1-41
2022-11-22 22:01:46,143 INFO o.a.j.t.JMeterThread: Thread started: Thread Group 1-42
2022-11-22 22:01:46,210 INFO o.a.j.t.JMeterThread: Thread started: Thread Group 1-43
2022-11-22 22:01:46,244 INFO o.a.j.t.JMeterThread: Thread started: Thread Group 1-44
2022-11-22 22:01:46,267 WARN c.h.c.r.e.LoggingCSSParseErrorHandler: Browser compliant mode skipped CSS from [1:559785] starting at token '}' until [1:559855] to token '}' (based on com.helger.css.parser.ParseException: Encountered unexpected token: "@media" "@media"
    at line 1, column 559786.

Was expecting one of:

    "from"
    "to"
    "}"
    <PERCENTAGE>
    <S>
)
2022-11-22 22:01:46,270 WARN c.h.c.r.e.LoggingCSSParseErrorHandler: Browser compliant mode skipped CSS from [1:560181] starting at token '}' until [1:560251] to token '}' (based on com.helger.css.parser.ParseException: Encountered unexpected token: "@media" "@media"
    at line 1, column 560182.

Was expecting one of:

    "from"
    "to"
    "}"
    <PERCENTAGE>
    <S>
)
2022-11-22 22:01:46,271 WARN c.h.c.r.e.LoggingCSSParseErrorHandler: Browser compliant mode skipped CSS from [1:560574] starting at token '}' until [1:560644] to token '}' (based on com.helger.css.parser.ParseException: Encountered unexpected token: "@media" "@media"
    at line 1, column 560575.

Was expecting one of:

    "from"
    "to"
    "}"
    <PERCENTAGE>
    <S>
)
2022-11-22 22:01:46,272 WARN c.h.c.r.e.LoggingCSSParseErrorHandler: Browser compliant mode skipped CSS from [1:560907] starting at token '}' until [1:561049] to token '}' (based on com.helger.css.parser.ParseException: Encountered unexpected token: "@media" "@media"
    at line 1, column 560908.

Was expecting one of:

    "from"
    "to"
    "}"
    <PERCENTAGE>
    <S>
)
2022-11-22 22:01:46,273 WARN c.h.c.r.e.LoggingCSSParseErrorHandler: Browser compliant mode skipped CSS from [1:561307] starting at token '}' until [1:561449] to token '}' (based on com.helger.css.parser.ParseException: Encountered unexpected token: "@media" "@media"
    at line 1, column 561308.

Was expecting one of:

    "from"
    "to"
    "}"
    <PERCENTAGE>
    <S>
)
2022-11-22 22:01:46,275 WARN c.h.c.r.e.LoggingCSSParseErrorHandler: Browser compliant mode skipped CSS from [1:561704] starting at token '}' until [1:561846] to token '}' (based on com.helger.css.parser.ParseException: Encountered unexpected token: "@media" "@media"
    at line 1, column 561705.

Was expecting one of:

    "from"
    "to"
    "}"
    <PERCENTAGE>
    <S>
)
2022-11-22 22:01:46,278 INFO o.a.j.t.JMeterThread: Thread started: Thread Group 1-45
2022-11-22 22:01:46,331 INFO o.a.j.t.JMeterThread: Thread started: Thread Group 1-46
2022-11-22 22:01:46,403 INFO o.a.j.t.JMeterThread: Thread started: Thread Group 1-47
2022-11-22 22:01:46,437 INFO o.a.j.t.JMeterThread: Thread started: Thread Group 1-48
2022-11-22 22:01:46,470 INFO o.a.j.t.JMeterThread: Thread started: Thread Group 1-49
2022-11-22 22:01:46,541 INFO o.a.j.t.JMeterThread: Thread started: Thread Group 1-50
2022-11-22 22:01:46,583 INFO o.a.j.t.JMeterThread: Thread started: Thread Group 1-51
2022-11-22 22:01:46,643 INFO o.a.j.t.JMeterThread: Thread started: Thread Group 1-52
2022-11-22 22:01:46,680 INFO o.a.j.t.JMeterThread: Thread started: Thread Group 1-53
2022-11-22 22:01:46,724 INFO o.a.j.t.JMeterThread: Thread started: Thread Group 1-54
2022-11-22 22:01:46,801 INFO o.a.j.t.JMeterThread: Thread started: Thread Group 1-55
2022-11-22 22:01:46,822 INFO o.a.j.t.JMeterThread: Thread started: Thread Group 1-56
2022-11-22 22:01:46,871 INFO o.a.j.t.JMeterThread: Thread started: Thread Group 1-57
2022-11-22 22:01:46,921 INFO o.a.j.t.JMeterThread: Thread started: Thread Group 1-58
2022-11-22 22:01:46,990 INFO o.a.j.t.JMeterThread: Thread started: Thread Group 1-59
2022-11-22 22:01:47,067 INFO o.a.j.t.JMeterThread: Thread started: Thread Group 1-60
2022-11-22 22:01:47,095 INFO o.a.j.t.JMeterThread: Thread started: Thread Group 1-61
2022-11-22 22:01:47,127 INFO o.a.j.t.JMeterThread: Thread started: Thread Group 1-62
2022-11-22 22:01:47,199 INFO o.a.j.t.JMeterThread: Thread started: Thread Group 1-63
2022-11-22 22:01:47,222 INFO o.a.j.t.JMeterThread: Thread started: Thread Group 1-64
2022-11-22 22:01:47,280 INFO o.a.j.t.JMeterThread: Thread started: Thread Group 1-65
2022-11-22 22:01:47,322 INFO o.a.j.t.JMeterThread: Thread started: Thread Group 1-66
2022-11-22 22:01:47,374 INFO o.a.j.t.JMeterThread: Thread started: Thread Group 1-67
2022-11-22 22:01:47,421 INFO o.a.j.t.JMeterThread: Thread started: Thread Group 1-68
2022-11-22 22:01:47,472 INFO o.a.j.t.JMeterThread: Thread started: Thread Group 1-69
2022-11-22 22:01:47,522 INFO o.a.j.t.JMeterThread: Thread started: Thread Group 1-70
2022-11-22 22:01:47,571 INFO o.a.j.t.JMeterThread: Thread started: Thread Group 1-71
2022-11-22 22:01:47,621 INFO o.a.j.t.JMeterThread: Thread started: Thread Group 1-72
2022-11-22 22:01:47,671 INFO o.a.j.t.JMeterThread: Thread started: Thread Group 1-73
2022-11-22 22:01:47,722 INFO o.a.j.t.JMeterThread: Thread started: Thread Group 1-74
2022-11-22 22:01:47,771 INFO o.a.j.t.JMeterThread: Thread started: Thread Group 1-75
2022-11-22 22:01:47,822 INFO o.a.j.t.JMeterThread: Thread started: Thread Group 1-76
2022-11-22 22:01:47,872 INFO o.a.j.t.JMeterThread: Thread started: Thread Group 1-77
2022-11-22 22:01:47,922 INFO o.a.j.t.JMeterThread: Thread started: Thread Group 1-78
2022-11-22 22:01:47,973 INFO o.a.j.t.JMeterThread: Thread started: Thread Group 1-79
2022-11-22 22:01:48,021 INFO o.a.j.t.JMeterThread: Thread started: Thread Group 1-80
2022-11-22 22:01:48,071 INFO o.a.j.t.JMeterThread: Thread started: Thread Group 1-81
2022-11-22 22:01:48,121 INFO o.a.j.t.JMeterThread: Thread started: Thread Group 1-82
2022-11-22 22:01:48,173 INFO o.a.j.t.JMeterThread: Thread started: Thread Group 1-83
2022-11-22 22:01:48,222 INFO o.a.j.t.JMeterThread: Thread started: Thread Group 1-84
2022-11-22 22:01:48,270 INFO o.a.j.t.JMeterThread: Thread started: Thread Group 1-85
2022-11-22 22:01:48,321 INFO o.a.j.t.JMeterThread: Thread started: Thread Group 1-86
2022-11-22 22:01:48,370 INFO o.a.j.t.JMeterThread: Thread started: Thread Group 1-87
2022-11-22 22:01:48,420 INFO o.a.j.t.JMeterThread: Thread started: Thread Group 1-88
2022-11-22 22:01:48,470 INFO o.a.j.t.JMeterThread: Thread started: Thread Group 1-89
2022-11-22 22:01:48,521 INFO o.a.j.t.JMeterThread: Thread started: Thread Group 1-90
2022-11-22 22:01:48,570 INFO o.a.j.t.JMeterThread: Thread started: Thread Group 1-91
2022-11-22 22:01:48,620 INFO o.a.j.t.JMeterThread: Thread started: Thread Group 1-92
2022-11-22 22:01:48,670 INFO o.a.j.t.JMeterThread: Thread started: Thread Group 1-93
2022-11-22 22:01:48,721 INFO o.a.j.t.JMeterThread: Thread started: Thread Group 1-94
2022-11-22 22:01:48,770 INFO o.a.j.t.JMeterThread: Thread started: Thread Group 1-95
2022-11-22 22:01:48,827 INFO o.a.j.t.JMeterThread: Thread started: Thread Group 1-96
2022-11-22 22:01:48,878 INFO o.a.j.t.JMeterThread: Thread started: Thread Group 1-97
2022-11-22 22:01:48,920 INFO o.a.j.t.JMeterThread: Thread started: Thread Group 1-98
2022-11-22 22:01:48,971 INFO o.a.j.t.JMeterThread: Thread started: Thread Group 1-99
2022-11-22 22:01:49,020 INFO o.a.j.t.JMeterThread: Thread started: Thread Group 1-100
2022-11-22 22:02:00,361 INFO o.a.j.r.Summariser: summary +     50 in 00:00:16 =    3.1/s Avg:  4756 Min:   415 Max: 14625 Err:     0 (0.00%) Active: 100 Started: 100 Finished: 0
2022-11-22 22:02:30,050 INFO o.a.j.r.Summariser: summary +    285 in 00:00:30 =    9.5/s Avg:  6631 Min:    16 Max: 33068 Err:     0 (0.00%) Active: 100 Started: 100 Finished: 0
2022-11-22 22:02:30,050 INFO o.a.j.r.Summariser: summary =    335 in 00:00:46 =    7.3/s Avg:  6351 Min:    16 Max: 33068 Err:     0 (0.00%)
2022-11-22 22:03:01,063 INFO o.a.j.r.Summariser: summary +    491 in 00:00:31 =   15.8/s Avg:  5895 Min:    15 Max: 42693 Err:     0 (0.00%) Active: 100 Started: 100 Finished: 0
2022-11-22 22:03:01,067 INFO o.a.j.r.Summariser: summary =    826 in 00:01:17 =   10.7/s Avg:  6080 Min:    15 Max: 42693 Err:     0 (0.00%)
2022-11-22 22:03:29,030 INFO o.a.j.t.JMeterThread: Thread is done: Thread Group 1-1
2022-11-22 22:03:29,031 INFO o.a.j.t.JMeterThread: Thread finished: Thread Group 1-1
2022-11-22 22:03:30,757 INFO o.a.j.r.Summariser: summary +    223 in 00:00:30 =    7.5/s Avg: 11759 Min:    16 Max: 42921 Err:     1 (0.45%) Active: 99 Started: 100 Finished: 1
2022-11-22 22:03:30,903 INFO o.a.j.r.Summariser: summary =   1049 in 00:01:47 =    9.8/s Avg:  7287 Min:    15 Max: 42921 Err:     1 (0.10%)
2022-11-22 22:03:31,425 INFO o.a.j.t.JMeterThread: Thread is done: Thread Group 1-41
2022-11-22 22:03:31,425 INFO o.a.j.t.JMeterThread: Thread finished: Thread Group 1-41
2022-11-22 22:03:37,196 INFO o.a.j.t.JMeterThread: Thread is done: Thread Group 1-29
2022-11-22 22:03:37,196 INFO o.a.j.t.JMeterThread: Thread finished: Thread Group 1-29
2022-11-22 22:03:37,237 INFO o.a.j.t.JMeterThread: Thread is done: Thread Group 1-22
2022-11-22 22:03:37,238 INFO o.a.j.t.JMeterThread: Thread finished: Thread Group 1-22
2022-11-22 22:03:49,938 INFO o.a.j.t.JMeterThread: Thread is done: Thread Group 1-2
2022-11-22 22:03:49,938 INFO o.a.j.t.JMeterThread: Thread finished: Thread Group 1-2
2022-11-22 22:03:50,896 INFO o.a.j.t.JMeterThread: Thread is done: Thread Group 1-40
2022-11-22 22:03:50,896 INFO o.a.j.t.JMeterThread: Thread finished: Thread Group 1-40
2022-11-22 22:03:59,242 INFO o.a.j.t.JMeterThread: Thread is done: Thread Group 1-88
2022-11-22 22:03:59,242 INFO o.a.j.t.JMeterThread: Thread finished: Thread Group 1-88
2022-11-22 22:03:59,499 INFO o.a.j.t.JMeterThread: Thread is done: Thread Group 1-42
2022-11-22 22:03:59,499 INFO o.a.j.t.JMeterThread: Thread finished: Thread Group 1-42
2022-11-22 22:04:00,393 INFO o.a.j.r.Summariser: summary +    178 in 00:00:30 =    6.0/s Avg: 14431 Min:    25 Max: 44584 Err:     7 (3.93%) Active: 92 Started: 100 Finished: 8
2022-11-22 22:04:00,393 INFO o.a.j.r.Summariser: summary =   1227 in 00:02:16 =    9.0/s Avg:  8324 Min:    15 Max: 44584 Err:     8 (0.65%)
2022-11-22 22:04:06,500 INFO o.a.j.t.JMeterThread: Thread is done: Thread Group 1-46
2022-11-22 22:04:06,500 INFO o.a.j.t.JMeterThread: Thread finished: Thread Group 1-46
2022-11-22 22:04:09,412 INFO o.a.j.t.JMeterThread: Thread is done: Thread Group 1-48
2022-11-22 22:04:09,412 INFO o.a.j.t.JMeterThread: Thread finished: Thread Group 1-48
2022-11-22 22:04:09,517 INFO o.a.j.t.JMeterThread: Thread is done: Thread Group 1-69
2022-11-22 22:04:09,517 INFO o.a.j.t.JMeterThread: Thread finished: Thread Group 1-69
2022-11-22 22:04:09,645 INFO o.a.j.t.JMeterThread: Thread is done: Thread Group 1-3
2022-11-22 22:04:09,645 INFO o.a.j.t.JMeterThread: Thread finished: Thread Group 1-3
2022-11-22 22:04:09,741 INFO o.a.j.t.JMeterThread: Thread is done: Thread Group 1-97
2022-11-22 22:04:09,742 INFO o.a.j.t.JMeterThread: Thread finished: Thread Group 1-97
2022-11-22 22:04:09,876 INFO o.a.j.t.JMeterThread: Thread is done: Thread Group 1-92
2022-11-22 22:04:09,876 INFO o.a.j.t.JMeterThread: Thread finished: Thread Group 1-92
2022-11-22 22:04:11,235 INFO o.a.j.t.JMeterThread: Thread is done: Thread Group 1-13
2022-11-22 22:04:11,235 INFO o.a.j.t.JMeterThread: Thread finished: Thread Group 1-13
2022-11-22 22:04:12,234 INFO o.a.j.t.JMeterThread: Thread is done: Thread Group 1-50
2022-11-22 22:04:12,234 INFO o.a.j.t.JMeterThread: Thread finished: Thread Group 1-50
2022-11-22 22:04:12,589 INFO o.a.j.t.JMeterThread: Thread is done: Thread Group 1-33
2022-11-22 22:04:12,589 INFO o.a.j.t.JMeterThread: Thread finished: Thread Group 1-33
2022-11-22 22:04:12,826 INFO o.a.j.t.JMeterThread: Thread is done: Thread Group 1-94
2022-11-22 22:04:12,826 INFO o.a.j.t.JMeterThread: Thread finished: Thread Group 1-94
2022-11-22 22:04:13,035 INFO o.a.j.t.JMeterThread: Thread is done: Thread Group 1-66
2022-11-22 22:04:13,035 INFO o.a.j.t.JMeterThread: Thread finished: Thread Group 1-66
2022-11-22 22:04:13,699 INFO o.a.j.t.JMeterThread: Thread is done: Thread Group 1-91
2022-11-22 22:04:13,699 INFO o.a.j.t.JMeterThread: Thread finished: Thread Group 1-91
2022-11-22 22:04:15,687 INFO o.a.j.t.JMeterThread: Thread is done: Thread Group 1-90
2022-11-22 22:04:15,687 INFO o.a.j.t.JMeterThread: Thread finished: Thread Group 1-90
2022-11-22 22:04:16,394 INFO o.a.j.t.JMeterThread: Thread is done: Thread Group 1-39
2022-11-22 22:04:16,394 INFO o.a.j.t.JMeterThread: Thread finished: Thread Group 1-39
2022-11-22 22:04:18,502 INFO o.a.j.t.JMeterThread: Thread is done: Thread Group 1-4
2022-11-22 22:04:18,502 INFO o.a.j.t.JMeterThread: Thread finished: Thread Group 1-4
2022-11-22 22:04:20,410 INFO o.a.j.t.JMeterThread: Thread is done: Thread Group 1-58
2022-11-22 22:04:20,410 INFO o.a.j.t.JMeterThread: Thread finished: Thread Group 1-58
2022-11-22 22:04:20,682 INFO o.a.j.t.JMeterThread: Thread is done: Thread Group 1-83
2022-11-22 22:04:20,682 INFO o.a.j.t.JMeterThread: Thread finished: Thread Group 1-83
2022-11-22 22:04:22,036 INFO o.a.j.t.JMeterThread: Thread is done: Thread Group 1-28
2022-11-22 22:04:22,036 INFO o.a.j.t.JMeterThread: Thread finished: Thread Group 1-28
2022-11-22 22:04:22,750 INFO o.a.j.t.JMeterThread: Thread is done: Thread Group 1-86
2022-11-22 22:04:22,750 INFO o.a.j.t.JMeterThread: Thread finished: Thread Group 1-86
2022-11-22 22:04:23,014 INFO o.a.j.t.JMeterThread: Thread is done: Thread Group 1-93
2022-11-22 22:04:23,014 INFO o.a.j.t.JMeterThread: Thread finished: Thread Group 1-93
2022-11-22 22:04:24,481 INFO o.a.j.t.JMeterThread: Thread is done: Thread Group 1-7
2022-11-22 22:04:24,481 INFO o.a.j.t.JMeterThread: Thread finished: Thread Group 1-7
2022-11-22 22:04:26,396 INFO o.a.j.t.JMeterThread: Thread is done: Thread Group 1-87
2022-11-22 22:04:26,396 INFO o.a.j.t.JMeterThread: Thread finished: Thread Group 1-87
2022-11-22 22:04:26,830 INFO o.a.j.t.JMeterThread: Thread is done: Thread Group 1-98
2022-11-22 22:04:26,830 INFO o.a.j.t.JMeterThread: Thread finished: Thread Group 1-98
2022-11-22 22:04:26,979 INFO o.a.j.t.JMeterThread: Thread is done: Thread Group 1-8
2022-11-22 22:04:26,979 INFO o.a.j.t.JMeterThread: Thread finished: Thread Group 1-8
2022-11-22 22:04:26,979 INFO o.a.j.t.JMeterThread: Thread is done: Thread Group 1-14
2022-11-22 22:04:26,979 INFO o.a.j.t.JMeterThread: Thread finished: Thread Group 1-14
2022-11-22 22:04:28,542 INFO o.a.j.t.JMeterThread: Thread is done: Thread Group 1-5
2022-11-22 22:04:28,542 INFO o.a.j.t.JMeterThread: Thread finished: Thread Group 1-5
2022-11-22 22:04:29,960 INFO o.a.j.t.JMeterThread: Thread is done: Thread Group 1-89
2022-11-22 22:04:29,960 INFO o.a.j.t.JMeterThread: Thread finished: Thread Group 1-89
2022-11-22 22:04:30,004 INFO o.a.j.r.Summariser: summary +    301 in 00:00:30 =   10.2/s Avg:  9103 Min:    20 Max: 46798 Err:    28 (9.30%) Active: 65 Started: 100 Finished: 35
2022-11-22 22:04:30,004 INFO o.a.j.r.Summariser: summary =   1528 in 00:02:46 =    9.2/s Avg:  8477 Min:    15 Max: 46798 Err:    36 (2.36%)
2022-11-22 22:04:30,005 INFO o.a.j.t.JMeterThread: Thread is done: Thread Group 1-23
2022-11-22 22:04:30,006 INFO o.a.j.t.JMeterThread: Thread finished: Thread Group 1-23
2022-11-22 22:04:30,221 INFO o.a.j.t.JMeterThread: Thread is done: Thread Group 1-79
2022-11-22 22:04:30,222 INFO o.a.j.t.JMeterThread: Thread finished: Thread Group 1-79
2022-11-22 22:04:30,257 INFO o.a.j.t.JMeterThread: Thread is done: Thread Group 1-95
2022-11-22 22:04:30,257 INFO o.a.j.t.JMeterThread: Thread finished: Thread Group 1-95
2022-11-22 22:04:30,407 INFO o.a.j.t.JMeterThread: Thread is done: Thread Group 1-27
2022-11-22 22:04:30,407 INFO o.a.j.t.JMeterThread: Thread finished: Thread Group 1-27
2022-11-22 22:04:30,414 INFO o.a.j.t.JMeterThread: Thread is done: Thread Group 1-49
2022-11-22 22:04:30,415 INFO o.a.j.t.JMeterThread: Thread finished: Thread Group 1-49
2022-11-22 22:04:31,043 INFO o.a.j.t.JMeterThread: Thread is done: Thread Group 1-16
2022-11-22 22:04:31,043 INFO o.a.j.t.JMeterThread: Thread finished: Thread Group 1-16
2022-11-22 22:04:34,185 INFO o.a.j.t.JMeterThread: Thread is done: Thread Group 1-80
2022-11-22 22:04:34,185 INFO o.a.j.t.JMeterThread: Thread finished: Thread Group 1-80
2022-11-22 22:04:34,287 INFO o.a.j.t.JMeterThread: Thread is done: Thread Group 1-53
2022-11-22 22:04:34,287 INFO o.a.j.t.JMeterThread: Thread finished: Thread Group 1-53
2022-11-22 22:04:35,560 INFO o.a.j.t.JMeterThread: Thread is done: Thread Group 1-47
2022-11-22 22:04:35,560 INFO o.a.j.t.JMeterThread: Thread finished: Thread Group 1-47
2022-11-22 22:04:35,696 INFO o.a.j.t.JMeterThread: Thread is done: Thread Group 1-43
2022-11-22 22:04:35,696 INFO o.a.j.t.JMeterThread: Thread finished: Thread Group 1-43
2022-11-22 22:04:35,874 INFO o.a.j.t.JMeterThread: Thread is done: Thread Group 1-72
2022-11-22 22:04:35,874 INFO o.a.j.t.JMeterThread: Thread finished: Thread Group 1-72
2022-11-22 22:04:35,980 INFO o.a.j.t.JMeterThread: Thread is done: Thread Group 1-15
2022-11-22 22:04:35,980 INFO o.a.j.t.JMeterThread: Thread finished: Thread Group 1-15
2022-11-22 22:04:36,488 INFO o.a.j.t.JMeterThread: Thread is done: Thread Group 1-38
2022-11-22 22:04:36,489 INFO o.a.j.t.JMeterThread: Thread finished: Thread Group 1-38
2022-11-22 22:04:36,642 INFO o.a.j.t.JMeterThread: Thread is done: Thread Group 1-75
2022-11-22 22:04:36,643 INFO o.a.j.t.JMeterThread: Thread finished: Thread Group 1-75
2022-11-22 22:04:36,786 INFO o.a.j.t.JMeterThread: Thread is done: Thread Group 1-100
2022-11-22 22:04:36,786 INFO o.a.j.t.JMeterThread: Thread finished: Thread Group 1-100
2022-11-22 22:04:37,050 INFO o.a.j.t.JMeterThread: Thread is done: Thread Group 1-12
2022-11-22 22:04:37,050 INFO o.a.j.t.JMeterThread: Thread finished: Thread Group 1-12
2022-11-22 22:04:37,155 INFO o.a.j.t.JMeterThread: Thread is done: Thread Group 1-34
2022-11-22 22:04:37,155 INFO o.a.j.t.JMeterThread: Thread finished: Thread Group 1-34
2022-11-22 22:04:37,867 INFO o.a.j.t.JMeterThread: Thread is done: Thread Group 1-62
2022-11-22 22:04:37,867 INFO o.a.j.t.JMeterThread: Thread finished: Thread Group 1-62
2022-11-22 22:04:40,487 INFO o.a.j.t.JMeterThread: Thread is done: Thread Group 1-9
2022-11-22 22:04:40,487 INFO o.a.j.t.JMeterThread: Thread finished: Thread Group 1-9
2022-11-22 22:04:40,526 INFO o.a.j.t.JMeterThread: Thread is done: Thread Group 1-26
2022-11-22 22:04:40,526 INFO o.a.j.t.JMeterThread: Thread finished: Thread Group 1-26
2022-11-22 22:04:40,558 INFO o.a.j.t.JMeterThread: Thread is done: Thread Group 1-57
2022-11-22 22:04:40,558 INFO o.a.j.t.JMeterThread: Thread finished: Thread Group 1-57
2022-11-22 22:04:40,659 INFO o.a.j.t.JMeterThread: Thread is done: Thread Group 1-19
2022-11-22 22:04:40,659 INFO o.a.j.t.JMeterThread: Thread finished: Thread Group 1-19
2022-11-22 22:04:41,185 INFO o.a.j.t.JMeterThread: Thread is done: Thread Group 1-76
2022-11-22 22:04:41,185 INFO o.a.j.t.JMeterThread: Thread finished: Thread Group 1-76
2022-11-22 22:04:41,795 INFO o.a.j.t.JMeterThread: Thread is done: Thread Group 1-82
2022-11-22 22:04:41,796 INFO o.a.j.t.JMeterThread: Thread finished: Thread Group 1-82
2022-11-22 22:04:41,827 INFO o.a.j.t.JMeterThread: Thread is done: Thread Group 1-54
2022-11-22 22:04:41,827 INFO o.a.j.t.JMeterThread: Thread finished: Thread Group 1-54
2022-11-22 22:04:42,291 INFO o.a.j.t.JMeterThread: Thread is done: Thread Group 1-61
2022-11-22 22:04:42,291 INFO o.a.j.t.JMeterThread: Thread finished: Thread Group 1-61
2022-11-22 22:04:42,396 INFO o.a.j.t.JMeterThread: Thread is done: Thread Group 1-45
2022-11-22 22:04:42,396 INFO o.a.j.t.JMeterThread: Thread finished: Thread Group 1-45
2022-11-22 22:04:42,402 INFO o.a.j.t.JMeterThread: Thread is done: Thread Group 1-84
2022-11-22 22:04:42,402 INFO o.a.j.t.JMeterThread: Thread finished: Thread Group 1-84
2022-11-22 22:04:42,631 INFO o.a.j.t.JMeterThread: Thread is done: Thread Group 1-67
2022-11-22 22:04:42,631 INFO o.a.j.t.JMeterThread: Thread finished: Thread Group 1-67
2022-11-22 22:04:42,722 INFO o.a.j.t.JMeterThread: Thread is done: Thread Group 1-37
2022-11-22 22:04:42,722 INFO o.a.j.t.JMeterThread: Thread finished: Thread Group 1-37
2022-11-22 22:04:44,378 INFO o.a.j.t.JMeterThread: Thread is done: Thread Group 1-18
2022-11-22 22:04:44,378 INFO o.a.j.t.JMeterThread: Thread finished: Thread Group 1-18
2022-11-22 22:04:44,864 INFO o.a.j.t.JMeterThread: Thread is done: Thread Group 1-63
2022-11-22 22:04:44,864 INFO o.a.j.t.JMeterThread: Thread finished: Thread Group 1-63
2022-11-22 22:04:44,896 INFO o.a.j.t.JMeterThread: Thread is done: Thread Group 1-10
2022-11-22 22:04:44,896 INFO o.a.j.t.JMeterThread: Thread finished: Thread Group 1-10
2022-11-22 22:04:44,995 INFO o.a.j.t.JMeterThread: Thread is done: Thread Group 1-78
2022-11-22 22:04:44,995 INFO o.a.j.t.JMeterThread: Thread finished: Thread Group 1-78
2022-11-22 22:04:45,041 INFO o.a.j.t.JMeterThread: Thread is done: Thread Group 1-56
2022-11-22 22:04:45,041 INFO o.a.j.t.JMeterThread: Thread finished: Thread Group 1-56
2022-11-22 22:04:47,387 INFO o.a.j.t.JMeterThread: Thread is done: Thread Group 1-31
2022-11-22 22:04:47,387 INFO o.a.j.t.JMeterThread: Thread finished: Thread Group 1-31
2022-11-22 22:04:47,413 INFO o.a.j.t.JMeterThread: Thread is done: Thread Group 1-99
2022-11-22 22:04:47,414 INFO o.a.j.t.JMeterThread: Thread finished: Thread Group 1-99
2022-11-22 22:04:49,317 INFO o.a.j.t.JMeterThread: Thread is done: Thread Group 1-20
2022-11-22 22:04:49,318 INFO o.a.j.t.JMeterThread: Thread finished: Thread Group 1-20
2022-11-22 22:04:49,434 INFO o.a.j.t.JMeterThread: Thread is done: Thread Group 1-51
2022-11-22 22:04:49,434 INFO o.a.j.t.JMeterThread: Thread finished: Thread Group 1-51
2022-11-22 22:04:49,560 INFO o.a.j.t.JMeterThread: Thread is done: Thread Group 1-81
2022-11-22 22:04:49,560 INFO o.a.j.t.JMeterThread: Thread finished: Thread Group 1-81
2022-11-22 22:04:50,064 INFO o.a.j.t.JMeterThread: Thread is done: Thread Group 1-17
2022-11-22 22:04:50,064 INFO o.a.j.t.JMeterThread: Thread finished: Thread Group 1-17
2022-11-22 22:04:50,236 INFO o.a.j.t.JMeterThread: Thread is done: Thread Group 1-25
2022-11-22 22:04:50,236 INFO o.a.j.t.JMeterThread: Thread finished: Thread Group 1-25
2022-11-22 22:04:50,482 INFO o.a.j.t.JMeterThread: Thread is done: Thread Group 1-70
2022-11-22 22:04:50,482 INFO o.a.j.t.JMeterThread: Thread finished: Thread Group 1-70
2022-11-22 22:04:50,483 INFO o.a.j.t.JMeterThread: Thread is done: Thread Group 1-32
2022-11-22 22:04:50,484 INFO o.a.j.t.JMeterThread: Thread finished: Thread Group 1-32
2022-11-22 22:04:50,600 INFO o.a.j.t.JMeterThread: Thread is done: Thread Group 1-65
2022-11-22 22:04:50,600 INFO o.a.j.t.JMeterThread: Thread finished: Thread Group 1-65
2022-11-22 22:04:50,612 INFO o.a.j.t.JMeterThread: Thread is done: Thread Group 1-6
2022-11-22 22:04:50,612 INFO o.a.j.t.JMeterThread: Thread finished: Thread Group 1-6
2022-11-22 22:04:50,785 INFO o.a.j.t.JMeterThread: Thread is done: Thread Group 1-35
2022-11-22 22:04:50,786 INFO o.a.j.t.JMeterThread: Thread finished: Thread Group 1-35
2022-11-22 22:04:50,963 INFO o.a.j.t.JMeterThread: Thread is done: Thread Group 1-59
2022-11-22 22:04:50,963 INFO o.a.j.t.JMeterThread: Thread finished: Thread Group 1-59
2022-11-22 22:04:51,029 INFO o.a.j.t.JMeterThread: Thread is done: Thread Group 1-36
2022-11-22 22:04:51,029 INFO o.a.j.t.JMeterThread: Thread finished: Thread Group 1-36
2022-11-22 22:04:51,139 INFO o.a.j.t.JMeterThread: Thread is done: Thread Group 1-55
2022-11-22 22:04:51,139 INFO o.a.j.t.JMeterThread: Thread finished: Thread Group 1-55
2022-11-22 22:04:51,203 INFO o.a.j.t.JMeterThread: Thread is done: Thread Group 1-24
2022-11-22 22:04:51,203 INFO o.a.j.t.JMeterThread: Thread finished: Thread Group 1-24
2022-11-22 22:04:51,387 INFO o.a.j.t.JMeterThread: Thread is done: Thread Group 1-71
2022-11-22 22:04:51,387 INFO o.a.j.t.JMeterThread: Thread is done: Thread Group 1-85
2022-11-22 22:04:51,387 INFO o.a.j.t.JMeterThread: Thread finished: Thread Group 1-71
2022-11-22 22:04:51,387 INFO o.a.j.t.JMeterThread: Thread finished: Thread Group 1-85
2022-11-22 22:04:51,543 INFO o.a.j.t.JMeterThread: Thread is done: Thread Group 1-11
2022-11-22 22:04:51,544 INFO o.a.j.t.JMeterThread: Thread finished: Thread Group 1-11
2022-11-22 22:04:52,423 INFO o.a.j.t.JMeterThread: Thread is done: Thread Group 1-44
2022-11-22 22:04:52,423 INFO o.a.j.t.JMeterThread: Thread finished: Thread Group 1-44
2022-11-22 22:04:52,567 INFO o.a.j.t.JMeterThread: Thread is done: Thread Group 1-52
2022-11-22 22:04:52,567 INFO o.a.j.t.JMeterThread: Thread finished: Thread Group 1-52
2022-11-22 22:04:52,640 INFO o.a.j.t.JMeterThread: Thread is done: Thread Group 1-68
2022-11-22 22:04:52,640 INFO o.a.j.t.JMeterThread: Thread finished: Thread Group 1-68
2022-11-22 22:04:52,867 INFO o.a.j.t.JMeterThread: Thread is done: Thread Group 1-21
2022-11-22 22:04:52,867 INFO o.a.j.t.JMeterThread: Thread finished: Thread Group 1-21
2022-11-22 22:04:53,142 INFO o.a.j.t.JMeterThread: Thread is done: Thread Group 1-77
2022-11-22 22:04:53,142 INFO o.a.j.t.JMeterThread: Thread finished: Thread Group 1-77
2022-11-22 22:04:53,259 INFO o.a.j.t.JMeterThread: Thread is done: Thread Group 1-96
2022-11-22 22:04:53,259 INFO o.a.j.t.JMeterThread: Thread finished: Thread Group 1-96
2022-11-22 22:04:54,002 INFO o.a.j.t.JMeterThread: Thread is done: Thread Group 1-30
2022-11-22 22:04:54,002 INFO o.a.j.t.JMeterThread: Thread finished: Thread Group 1-30
2022-11-22 22:04:54,408 INFO o.a.j.t.JMeterThread: Thread is done: Thread Group 1-73
2022-11-22 22:04:54,408 INFO o.a.j.t.JMeterThread: Thread finished: Thread Group 1-73
2022-11-22 22:04:54,729 INFO o.a.j.t.JMeterThread: Thread is done: Thread Group 1-74
2022-11-22 22:04:54,729 INFO o.a.j.t.JMeterThread: Thread finished: Thread Group 1-74
2022-11-22 22:04:55,234 INFO o.a.j.t.JMeterThread: Thread is done: Thread Group 1-64
2022-11-22 22:04:55,234 INFO o.a.j.t.JMeterThread: Thread finished: Thread Group 1-64
2022-11-22 22:04:56,370 INFO o.a.j.t.JMeterThread: Thread is done: Thread Group 1-60
2022-11-22 22:04:56,370 INFO o.a.j.t.JMeterThread: Thread finished: Thread Group 1-60
2022-11-22 22:04:56,371 INFO o.a.j.e.StandardJMeterEngine: Notifying test listeners of end of test
2022-11-22 22:04:56,381 INFO o.a.j.r.Summariser: summary +    372 in 00:00:26 =   14.1/s Avg:  3477 Min:     4 Max: 39768 Err:    20 (5.38%) Active: 0 Started: 100 Finished: 100
2022-11-22 22:04:56,395 INFO o.a.j.r.Summariser: summary =   1900 in 00:03:12 =    9.9/s Avg:  7498 Min:     4 Max: 46798 Err:    56 (2.95%)
2022-11-22 22:04:56,401 INFO o.a.j.JMeter: Generating Dashboard
2022-11-22 22:04:56,402 INFO o.a.j.r.d.ReportGenerator: Flushing result collector before report Generation
2022-11-22 22:04:56,430 INFO o.a.j.r.p.NormalizerSampleConsumer: Using format, 'ms', to parse timeStamp field
2022-11-22 22:04:57,884 INFO o.a.j.r.p.AbstractSampleConsumer: class org.apache.jmeter.report.processor.AggregateConsumer#stopProducing(): beginDate produced 0 samples
2022-11-22 22:04:57,884 INFO o.a.j.r.p.AbstractSampleConsumer: class org.apache.jmeter.report.processor.AggregateConsumer#stopProducing(): endDate produced 0 samples
2022-11-22 22:04:57,890 INFO o.a.j.r.p.AbstractSampleConsumer: class org.apache.jmeter.report.processor.ApdexSummaryConsumer#stopProducing(): apdexSummary produced 0 samples
2022-11-22 22:04:57,890 INFO o.a.j.r.p.AbstractSampleConsumer: class org.apache.jmeter.report.processor.RequestsSummaryConsumer#stopProducing(): requestsSummary produced 0 samples
2022-11-22 22:04:57,968 INFO o.a.j.r.p.AbstractSampleConsumer: class org.apache.jmeter.report.processor.StatisticsSummaryConsumer#stopProducing(): statisticsSummary produced 0 samples
2022-11-22 22:04:58,005 INFO o.a.j.r.p.AbstractSampleConsumer: class org.apache.jmeter.report.processor.Top5ErrorsBySamplerConsumer#stopProducing(): top5ErrorsBySampler produced 0 samples
2022-11-22 22:04:58,005 INFO o.a.j.r.p.AbstractSampleConsumer: class org.apache.jmeter.report.processor.ErrorsSummaryConsumer#stopProducing(): errorsSummary produced 0 samples
2022-11-22 22:04:58,005 INFO o.a.j.r.p.AbstractSampleConsumer: class org.apache.jmeter.report.processor.graph.impl.HitsPerSecondGraphConsumer#stopProducing(): hitsPerSecond produced 0 samples
2022-11-22 22:04:58,453 INFO o.a.j.r.p.AbstractSampleConsumer: class org.apache.jmeter.report.processor.graph.impl.LatencyVSRequestGraphConsumer#stopProducing(): latencyVsRequest produced 0 samples
2022-11-22 22:04:58,457 INFO o.a.j.r.p.AbstractSampleConsumer: class org.apache.jmeter.report.processor.graph.impl.SyntheticResponseTimeDistributionGraphConsumer#stopProducing(): syntheticResponseTimeDistribution produced 0 samples
2022-11-22 22:04:58,459 INFO o.a.j.r.p.AbstractSampleConsumer: class org.apache.jmeter.report.processor.graph.impl.BytesThroughputGraphConsumer#stopProducing(): bytesThroughputOverTime produced 0 samples
2022-11-22 22:04:58,460 INFO o.a.j.r.p.AbstractSampleConsumer: class org.apache.jmeter.report.processor.graph.impl.CodesPerSecondGraphConsumer#stopProducing(): codesPerSecond produced 0 samples
2022-11-22 22:04:58,618 INFO o.a.j.r.p.AbstractSampleConsumer: class org.apache.jmeter.report.processor.graph.impl.ResponseTimeVSRequestGraphConsumer#stopProducing(): responseTimeVsRequest produced 0 samples
2022-11-22 22:04:58,623 INFO o.a.j.r.p.AbstractSampleConsumer: class org.apache.jmeter.report.processor.FilterConsumer#stopProducing(): startIntervalControlerFilter produced 68600 samples
2022-11-22 22:04:58,623 INFO o.a.j.r.p.AbstractSampleConsumer: class org.apache.jmeter.report.processor.graph.impl.TotalTPSGraphConsumer#stopProducing(): totalTPS produced 0 samples
2022-11-22 22:04:58,624 INFO o.a.j.r.p.AbstractSampleConsumer: class org.apache.jmeter.report.processor.graph.impl.ActiveThreadsGraphConsumer#stopProducing(): activeThreadsOverTime produced 0 samples
2022-11-22 22:04:58,624 INFO o.a.j.r.p.AbstractSampleConsumer: class org.apache.jmeter.report.processor.graph.impl.TimeVSThreadGraphConsumer#stopProducing(): timeVsThreads produced 0 samples
2022-11-22 22:04:58,632 INFO o.a.j.r.p.AbstractSampleConsumer: class org.apache.jmeter.report.processor.graph.impl.ResponseTimeDistributionGraphConsumer#stopProducing(): responseTimeDistribution produced 0 samples
2022-11-22 22:04:58,634 INFO o.a.j.r.p.AbstractSampleConsumer: class org.apache.jmeter.report.processor.graph.impl.TransactionsPerSecondGraphConsumer#stopProducing(): transactionsPerSecond produced 0 samples
2022-11-22 22:04:58,635 INFO o.a.j.r.p.AbstractSampleConsumer: class org.apache.jmeter.report.processor.graph.impl.ResponseTimePercentilesGraphConsumer#stopProducing(): responseTimePercentiles produced 0 samples
2022-11-22 22:04:58,661 INFO o.a.j.r.p.AbstractSampleConsumer: class org.apache.jmeter.report.processor.graph.impl.ResponseTimePercentilesOverTimeGraphConsumer#stopProducing(): responseTimePercentilesOverTime produced 0 samples
2022-11-22 22:04:58,665 INFO o.a.j.r.p.AbstractSampleConsumer: class org.apache.jmeter.report.processor.graph.impl.ResponseTimeOverTimeGraphConsumer#stopProducing(): responseTimesOverTime produced 0 samples
2022-11-22 22:04:58,666 INFO o.a.j.r.p.AbstractSampleConsumer: class org.apache.jmeter.report.processor.graph.impl.ConnectTimeOverTimeGraphConsumer#stopProducing(): connectTimeOverTime produced 0 samples
2022-11-22 22:04:58,666 INFO o.a.j.r.p.AbstractSampleConsumer: class org.apache.jmeter.report.processor.graph.impl.LatencyOverTimeGraphConsumer#stopProducing(): latenciesOverTime produced 0 samples
2022-11-22 22:04:58,667 INFO o.a.j.r.p.AbstractSampleConsumer: class org.apache.jmeter.report.processor.FilterConsumer#stopProducing(): nameFilter produced 148500 samples
2022-11-22 22:04:58,667 INFO o.a.j.r.p.AbstractSampleConsumer: class org.apache.jmeter.report.processor.FilterConsumer#stopProducing(): dateRangeFilter produced 29700 samples
2022-11-22 22:04:58,667 INFO o.a.j.r.p.AbstractSampleConsumer: class org.apache.jmeter.report.processor.NormalizerSampleConsumer#stopProducing(): normalizer produced 9900 samples
2022-11-22 22:04:58,668 INFO o.a.j.r.p.CsvFileSampleSource: produce(): 9900 samples produced in 2s 122 ms on channel 0
2022-11-22 22:04:58,669 INFO o.a.j.r.d.ReportGenerator: Exporting data using exporter:'json' of className:'org.apache.jmeter.report.dashboard.JsonExporter'
2022-11-22 22:04:58,948 INFO o.a.j.r.d.JsonExporter: Found data for consumer statisticsSummary in context
2022-11-22 22:04:58,949 INFO o.a.j.r.d.JsonExporter: Creating statistics for overall
2022-11-22 22:04:58,950 INFO o.a.j.r.d.JsonExporter: Creating statistics for other transactions
2022-11-22 22:04:58,950 INFO o.a.j.r.d.JsonExporter: Checking output folder
2022-11-22 22:04:58,951 INFO o.a.j.r.d.JsonExporter: Writing statistics JSON to C:\Users\nimsa\Desktop\delete_workflow\statistics.json
2022-11-22 22:04:59,118 INFO o.a.j.r.d.ReportGenerator: Exporting data using exporter:'html' of className:'org.apache.jmeter.report.dashboard.HtmlTemplateExporter'
2022-11-22 22:04:59,122 INFO o.a.j.r.d.HtmlTemplateExporter: Will generate dashboard in folder: C:\Users\nimsa\Desktop\delete_workflow
2022-11-22 22:04:59,517 INFO o.a.j.r.d.HtmlTemplateExporter: Report will be generated in: C:\Users\nimsa\Desktop\delete_workflow, creating folder structure
2022-11-22 22:04:59,547 INFO o.a.j.r.d.TemplateVisitor: Copying folder from 'C:\JMeter\bin\report-template' to 'C:\Users\nimsa\Desktop\delete_workflow', got message: C:\Users\nimsa\Desktop\delete_workflow, found non empty folder with following content [C:\Users\nimsa\Desktop\delete_workflow\statistics.json], will be ignored
2022-11-22 22:05:05,583 INFO o.a.j.JMeter: Dashboard generated
